<!DOCTYPE html PUBLIC "-//W3C//DTD XHTML 1.1//EN" "http://www.w3.org/TR/xhtml11/DTD/xhtml11.dtd">
<html xmlns="http://www.w3.org/1999/xhtml">
<head>
<meta http-equiv="content-type" content="text/html; charset=UTF-8"/>
<title>TestNG Report</title>
<style type="text/css">table {margin-bottom:10px;border-collapse:collapse;empty-cells:show}th,td {border:1px solid #009;padding:.25em .5em}th {vertical-align:bottom}td {vertical-align:top}table a {font-weight:bold}.stripe td {background-color: #E6EBF9}.num {text-align:right}.passedodd td {background-color: #3F3}.passedeven td {background-color: #0A0}.skippedodd td {background-color: #DDD}.skippedeven td {background-color: #CCC}.failedodd td,.attn {background-color: #F33}.failedeven td,.stripe .attn {background-color: #D00}.stacktrace {white-space:pre;font-family:monospace}.totop {font-size:85%;text-align:center;border-bottom:2px solid #000}.invisible {display:none}</style>
</head>
<body>
<table>
<tr><th>Test</th><th># Passed</th><th># Skipped</th><th># Failed</th><th>Time (ms)</th><th>Included Groups</th><th>Excluded Groups</th></tr>
<tr><th colspan="7">Suite</th></tr>
<tr><td><a href="#t0">InputFunctionalityTest</a></td><td class="num">5</td><td class="num">0</td><td class="num attn">2</td><td class="num">47,734</td><td></td><td></td></tr>
<tr class="stripe"><td><a href="#t1">sortingFunctionalityTest</a></td><td class="num">5</td><td class="num">0</td><td class="num">0</td><td class="num">30,923</td><td></td><td></td></tr>
<tr><td><a href="#t2">PricesortingFunctionalityTest</a></td><td class="num">2</td><td class="num">0</td><td class="num attn">5</td><td class="num">33,765</td><td></td><td></td></tr>
<tr><th>Total</th><th class="num">12</th><th class="num">0</th><th class="num attn">7</th><th class="num">112,422</th><th colspan="2"></th></tr>
</table>
<table id='summary'><thead><tr><th>Class</th><th>Method</th><th>Start</th><th>Time (ms)</th></tr></thead><tbody><tr><th colspan="4">Suite</th></tr></tbody><tbody id="t0"><tr><th colspan="4">InputFunctionalityTest &#8212; failed</th></tr><tr class="failedeven"><td rowspan="2">com.atmecs.testScripts.HomePagetestscripts</td><td><a href="#m0">validateProductAvilability</a></td><td rowspan="2">1570460832313</td><td rowspan="2">8650</td></tr><tr class="failedeven"><td><a href="#m1">validateProductAvilability</a></td></tr><tr><th colspan="4">InputFunctionalityTest &#8212; passed</th></tr><tr class="passedeven"><td rowspan="5">com.atmecs.testScripts.HomePagetestscripts</td><td><a href="#m2">homePageRedirection</a></td><td rowspan="1">1570460830811</td><td rowspan="1">132</td></tr><tr class="passedeven"><td><a href="#m3">validateErrorMessage</a></td><td rowspan="2">1570460859856</td><td rowspan="2">1301</td></tr><tr class="passedeven"><td><a href="#m4">validateErrorMessage</a></td></tr><tr class="passedeven"><td><a href="#m5">validateProductAvilability</a></td><td rowspan="2">1570460849161</td><td rowspan="2">1950</td></tr><tr class="passedeven"><td><a href="#m6">validateProductAvilability</a></td></tr></tbody>
<tbody id="t1"><tr><th colspan="4">sortingFunctionalityTest &#8212; passed</th></tr><tr class="passedeven"><td rowspan="5">com.atmecs.testScripts.HeroImageProducttestscripts</td><td><a href="#m7">homePageRedirection</a></td><td rowspan="1">1570460877962</td><td rowspan="1">34</td></tr><tr class="passedeven"><td><a href="#m8">validateContents</a></td><td rowspan="1">1570460878000</td><td rowspan="1">5962</td></tr><tr class="passedeven"><td><a href="#m9">validateSortingByDate</a></td><td rowspan="1">1570460884090</td><td rowspan="1">3308</td></tr><tr class="passedeven"><td><a href="#m10">validateSortingByRating</a></td><td rowspan="1">1570460887400</td><td rowspan="1">4771</td></tr><tr class="passedeven"><td><a href="#m11">validateSortingFunctionality</a></td><td rowspan="1">1570460883962</td><td rowspan="1">124</td></tr></tbody>
<tbody id="t2"><tr><th colspan="4">PricesortingFunctionalityTest &#8212; failed</th></tr><tr class="failedeven"><td rowspan="5">com.atmecs.testScripts.HomePageComputerPeripherals</td><td><a href="#m12">validatePricingSortingFunctionality</a></td><td rowspan="5">1570460921181</td><td rowspan="5">2089</td></tr><tr class="failedeven"><td><a href="#m13">validatePricingSortingFunctionality</a></td></tr><tr class="failedeven"><td><a href="#m14">validatePricingSortingFunctionality</a></td></tr><tr class="failedeven"><td><a href="#m15">validatePricingSortingFunctionality</a></td></tr><tr class="failedeven"><td><a href="#m16">validatePricingSortingFunctionality</a></td></tr><tr><th colspan="4">PricesortingFunctionalityTest &#8212; passed</th></tr><tr class="passedeven"><td rowspan="2">com.atmecs.testScripts.HomePageComputerPeripherals</td><td><a href="#m17">validateMessage</a></td><td rowspan="1">1570460908331</td><td rowspan="1">1710</td></tr><tr class="passedeven"><td><a href="#m18">validateProductAvilability</a></td><td rowspan="1">1570460910121</td><td rowspan="1">3124</td></tr></tbody>
</table>
<h2>InputFunctionalityTest</h2><h3 id="m0">com.atmecs.testScripts.HomePagetestscripts#validateProductAvilability</h3><table class="result"><tr class="param"><th>Parameter #1</th><th>Parameter #2</th><th>Parameter #3</th></tr><tr class="param stripe"><td>Computer Peripherals</td><td>graphics Cards</td><td>Matrox G200 MMS</td></tr><tr><th colspan="3">Exception</th></tr><tr><td colspan="3"><div class="stacktrace">org.openqa.selenium.NoSuchElementException: no such element: Unable to locate element: {&quot;method&quot;:&quot;xpath&quot;,&quot;selector&quot;:&quot;//a[text()=&apos;Matrox G200 MMS&apos;]&quot;}
  (Session info: chrome=77.0.3865.90)
For documentation on this error, please visit: https://www.seleniumhq.org/exceptions/no_such_element.html
Build info: version: &apos;3.141.59&apos;, revision: &apos;e82be7d358&apos;, time: &apos;2018-11-14T08:17:03&apos;
System info: host: &apos;ATMECSINLT-038&apos;, ip: &apos;55.55.52.193&apos;, os.name: &apos;Windows 10&apos;, os.arch: &apos;amd64&apos;, os.version: &apos;10.0&apos;, java.version: &apos;12.0.1&apos;
Driver info: org.openqa.selenium.chrome.ChromeDriver
Capabilities {acceptInsecureCerts: false, browserName: chrome, browserVersion: 77.0.3865.90, chrome: {chromedriverVersion: 77.0.3865.40 (f484704e052e0..., userDataDir: C:\Users\SAURAB~1.CHA\AppDa...}, goog:chromeOptions: {debuggerAddress: localhost:54903}, javascriptEnabled: true, networkConnectionEnabled: false, pageLoadStrategy: normal, platform: XP, platformName: XP, proxy: Proxy(), setWindowRect: true, strictFileInteractability: false, timeouts: {implicit: 0, pageLoad: 300000, script: 30000}, unhandledPromptBehavior: dismiss and notify}
Session ID: 32cddab5c200765af5f57e6f86ebf1dc
*** Element info: {Using=xpath, value=//a[text()=&apos;Matrox G200 MMS&apos;]}
	at org.openqa.selenium.remote.http.W3CHttpResponseCodec.createException(W3CHttpResponseCodec.java:187)
	at org.openqa.selenium.remote.http.W3CHttpResponseCodec.decode(W3CHttpResponseCodec.java:122)
	at org.openqa.selenium.remote.http.W3CHttpResponseCodec.decode(W3CHttpResponseCodec.java:49)
	at org.openqa.selenium.remote.HttpCommandExecutor.execute(HttpCommandExecutor.java:158)
	at org.openqa.selenium.remote.service.DriverCommandExecutor.execute(DriverCommandExecutor.java:83)
	at org.openqa.selenium.remote.RemoteWebDriver.execute(RemoteWebDriver.java:552)
	at org.openqa.selenium.remote.RemoteWebDriver.findElement(RemoteWebDriver.java:323)
	at org.openqa.selenium.remote.RemoteWebDriver.findElementByXPath(RemoteWebDriver.java:428)
	at org.openqa.selenium.By$ByXPath.findElement(By.java:353)
	at org.openqa.selenium.remote.RemoteWebDriver.findElement(RemoteWebDriver.java:315)
	at com.atmecs.helpers.WebUtility.getText(WebUtility.java:98)
	at com.atmecs.pages.HomePage.isProductAvailable(HomePage.java:37)
	at com.atmecs.testScripts.HomePagetestscripts.validateProductAvilability(HomePagetestscripts.java:48)
... Removed 30 stack frames</div></td></tr></table><p class="totop"><a href="#summary">back to summary</a></p>
<h3 id="m1">com.atmecs.testScripts.HomePagetestscripts#validateProductAvilability</h3><table class="result"><tr class="param"><th>Parameter #1</th><th>Parameter #2</th><th>Parameter #3</th></tr><tr class="param stripe"><td>Computer Peripherals</td><td>graphics card</td><td>Matrox G200 MMS</td></tr><tr><th colspan="3">Exception</th></tr><tr><td colspan="3"><div class="stacktrace">org.openqa.selenium.NoSuchElementException: no such element: Unable to locate element: {&quot;method&quot;:&quot;xpath&quot;,&quot;selector&quot;:&quot;//a[text()=&apos;Matrox G200 MMS&apos;]&quot;}
  (Session info: chrome=77.0.3865.90)
For documentation on this error, please visit: https://www.seleniumhq.org/exceptions/no_such_element.html
Build info: version: &apos;3.141.59&apos;, revision: &apos;e82be7d358&apos;, time: &apos;2018-11-14T08:17:03&apos;
System info: host: &apos;ATMECSINLT-038&apos;, ip: &apos;55.55.52.193&apos;, os.name: &apos;Windows 10&apos;, os.arch: &apos;amd64&apos;, os.version: &apos;10.0&apos;, java.version: &apos;12.0.1&apos;
Driver info: org.openqa.selenium.chrome.ChromeDriver
Capabilities {acceptInsecureCerts: false, browserName: chrome, browserVersion: 77.0.3865.90, chrome: {chromedriverVersion: 77.0.3865.40 (f484704e052e0..., userDataDir: C:\Users\SAURAB~1.CHA\AppDa...}, goog:chromeOptions: {debuggerAddress: localhost:54903}, javascriptEnabled: true, networkConnectionEnabled: false, pageLoadStrategy: normal, platform: XP, platformName: XP, proxy: Proxy(), setWindowRect: true, strictFileInteractability: false, timeouts: {implicit: 0, pageLoad: 300000, script: 30000}, unhandledPromptBehavior: dismiss and notify}
Session ID: 32cddab5c200765af5f57e6f86ebf1dc
*** Element info: {Using=xpath, value=//a[text()=&apos;Matrox G200 MMS&apos;]}
	at org.openqa.selenium.remote.http.W3CHttpResponseCodec.createException(W3CHttpResponseCodec.java:187)
	at org.openqa.selenium.remote.http.W3CHttpResponseCodec.decode(W3CHttpResponseCodec.java:122)
	at org.openqa.selenium.remote.http.W3CHttpResponseCodec.decode(W3CHttpResponseCodec.java:49)
	at org.openqa.selenium.remote.HttpCommandExecutor.execute(HttpCommandExecutor.java:158)
	at org.openqa.selenium.remote.service.DriverCommandExecutor.execute(DriverCommandExecutor.java:83)
	at org.openqa.selenium.remote.RemoteWebDriver.execute(RemoteWebDriver.java:552)
	at org.openqa.selenium.remote.RemoteWebDriver.findElement(RemoteWebDriver.java:323)
	at org.openqa.selenium.remote.RemoteWebDriver.findElementByXPath(RemoteWebDriver.java:428)
	at org.openqa.selenium.By$ByXPath.findElement(By.java:353)
	at org.openqa.selenium.remote.RemoteWebDriver.findElement(RemoteWebDriver.java:315)
	at com.atmecs.helpers.WebUtility.getText(WebUtility.java:98)
	at com.atmecs.pages.HomePage.isProductAvailable(HomePage.java:37)
	at com.atmecs.testScripts.HomePagetestscripts.validateProductAvilability(HomePagetestscripts.java:48)
... Removed 30 stack frames</div></td></tr></table><p class="totop"><a href="#summary">back to summary</a></p>
<h3 id="m2">com.atmecs.testScripts.HomePagetestscripts#homePageRedirection</h3><table class="result"><tr><th class="invisible"/></tr></table><p class="totop"><a href="#summary">back to summary</a></p>
<h3 id="m3">com.atmecs.testScripts.HomePagetestscripts#validateErrorMessage</h3><table class="result"><tr class="param"><th>Parameter #1</th><th>Parameter #2</th><th>Parameter #3</th></tr><tr class="param stripe"><td>Games</td><td>gywdcygvgy</td><td>There are no available products.</td></tr></table><p class="totop"><a href="#summary">back to summary</a></p>
<h3 id="m4">com.atmecs.testScripts.HomePagetestscripts#validateErrorMessage</h3><table class="result"><tr class="param"><th>Parameter #1</th><th>Parameter #2</th><th>Parameter #3</th></tr><tr class="param stripe"><td>Computer Peripherals</td><td>gyuwdwfduygbed</td><td>There are no available products.</td></tr></table><p class="totop"><a href="#summary">back to summary</a></p>
<h3 id="m5">com.atmecs.testScripts.HomePagetestscripts#validateProductAvilability</h3><table class="result"><tr class="param"><th>Parameter #1</th><th>Parameter #2</th><th>Parameter #3</th></tr><tr class="param stripe"><td>Games</td><td>call Of DUTY</td><td>Call Of Duty</td></tr></table><p class="totop"><a href="#summary">back to summary</a></p>
<h3 id="m6">com.atmecs.testScripts.HomePagetestscripts#validateProductAvilability</h3><table class="result"><tr class="param"><th>Parameter #1</th><th>Parameter #2</th><th>Parameter #3</th></tr><tr class="param stripe"><td>Software</td><td>windows 8</td><td>Windows 8</td></tr></table><p class="totop"><a href="#summary">back to summary</a></p>
<h2>sortingFunctionalityTest</h2><h3 id="m7">com.atmecs.testScripts.HeroImageProducttestscripts#homePageRedirection</h3><table class="result"><tr><th class="invisible"/></tr></table><p class="totop"><a href="#summary">back to summary</a></p>
<h3 id="m8">com.atmecs.testScripts.HeroImageProducttestscripts#validateContents</h3><table class="result"><tr><th class="invisible"/></tr></table><p class="totop"><a href="#summary">back to summary</a></p>
<h3 id="m9">com.atmecs.testScripts.HeroImageProducttestscripts#validateSortingByDate</h3><table class="result"><tr><th class="invisible"/></tr></table><p class="totop"><a href="#summary">back to summary</a></p>
<h3 id="m10">com.atmecs.testScripts.HeroImageProducttestscripts#validateSortingByRating</h3><table class="result"><tr><th class="invisible"/></tr></table><p class="totop"><a href="#summary">back to summary</a></p>
<h3 id="m11">com.atmecs.testScripts.HeroImageProducttestscripts#validateSortingFunctionality</h3><table class="result"><tr><th class="invisible"/></tr></table><p class="totop"><a href="#summary">back to summary</a></p>
<h2>PricesortingFunctionalityTest</h2><h3 id="m12">com.atmecs.testScripts.HomePageComputerPeripherals#validatePricingSortingFunctionality</h3><table class="result"><tr class="param"><th>Parameter #1</th></tr><tr class="param stripe"><td>120</td></tr><tr><th>Exception</th></tr><tr><td><div class="stacktrace">org.openqa.selenium.NoSuchSessionException: Session ID is null. Using WebDriver after calling quit()?
Build info: version: &apos;3.141.59&apos;, revision: &apos;e82be7d358&apos;, time: &apos;2018-11-14T08:17:03&apos;
System info: host: &apos;ATMECSINLT-038&apos;, ip: &apos;55.55.52.193&apos;, os.name: &apos;Windows 10&apos;, os.arch: &apos;amd64&apos;, os.version: &apos;10.0&apos;, java.version: &apos;12.0.1&apos;
Driver info: driver.version: RemoteWebDriver
	at org.openqa.selenium.remote.HttpCommandExecutor.execute(HttpCommandExecutor.java:125)
	at org.openqa.selenium.remote.service.DriverCommandExecutor.execute(DriverCommandExecutor.java:83)
	at org.openqa.selenium.remote.RemoteWebDriver.execute(RemoteWebDriver.java:552)
	at org.openqa.selenium.remote.RemoteWebDriver.perform(RemoteWebDriver.java:618)
	at org.openqa.selenium.interactions.Actions$BuiltAction.perform(Actions.java:639)
	at com.atmecs.helpers.WebUtility.scrollBySpacebar(WebUtility.java:329)
	at com.atmecs.testflow.HomePageComputerPeripheralsFlow.selectPricing(HomePageComputerPeripheralsFlow.java:15)
	at com.atmecs.testScripts.HomePageComputerPeripherals.validatePricingSortingFunctionality(HomePageComputerPeripherals.java:74)
... Removed 25 stack frames</div></td></tr></table><p class="totop"><a href="#summary">back to summary</a></p>
<h3 id="m13">com.atmecs.testScripts.HomePageComputerPeripherals#validatePricingSortingFunctionality</h3><table class="result"><tr class="param"><th>Parameter #1</th></tr><tr class="param stripe"><td>90</td></tr><tr><th>Exception</th></tr><tr><td><div class="stacktrace">org.openqa.selenium.NoSuchSessionException: Session ID is null. Using WebDriver after calling quit()?
Build info: version: &apos;3.141.59&apos;, revision: &apos;e82be7d358&apos;, time: &apos;2018-11-14T08:17:03&apos;
System info: host: &apos;ATMECSINLT-038&apos;, ip: &apos;55.55.52.193&apos;, os.name: &apos;Windows 10&apos;, os.arch: &apos;amd64&apos;, os.version: &apos;10.0&apos;, java.version: &apos;12.0.1&apos;
Driver info: driver.version: RemoteWebDriver
	at org.openqa.selenium.remote.HttpCommandExecutor.execute(HttpCommandExecutor.java:125)
	at org.openqa.selenium.remote.service.DriverCommandExecutor.execute(DriverCommandExecutor.java:83)
	at org.openqa.selenium.remote.RemoteWebDriver.execute(RemoteWebDriver.java:552)
	at org.openqa.selenium.remote.RemoteWebDriver.perform(RemoteWebDriver.java:618)
	at org.openqa.selenium.interactions.Actions$BuiltAction.perform(Actions.java:639)
	at com.atmecs.helpers.WebUtility.scrollBySpacebar(WebUtility.java:329)
	at com.atmecs.testflow.HomePageComputerPeripheralsFlow.selectPricing(HomePageComputerPeripheralsFlow.java:15)
	at com.atmecs.testScripts.HomePageComputerPeripherals.validatePricingSortingFunctionality(HomePageComputerPeripherals.java:74)
... Removed 25 stack frames</div></td></tr></table><p class="totop"><a href="#summary">back to summary</a></p>
<h3 id="m14">com.atmecs.testScripts.HomePageComputerPeripherals#validatePricingSortingFunctionality</h3><table class="result"><tr class="param"><th>Parameter #1</th></tr><tr class="param stripe"><td>60</td></tr><tr><th>Exception</th></tr><tr><td><div class="stacktrace">org.openqa.selenium.NoSuchSessionException: Session ID is null. Using WebDriver after calling quit()?
Build info: version: &apos;3.141.59&apos;, revision: &apos;e82be7d358&apos;, time: &apos;2018-11-14T08:17:03&apos;
System info: host: &apos;ATMECSINLT-038&apos;, ip: &apos;55.55.52.193&apos;, os.name: &apos;Windows 10&apos;, os.arch: &apos;amd64&apos;, os.version: &apos;10.0&apos;, java.version: &apos;12.0.1&apos;
Driver info: driver.version: RemoteWebDriver
	at org.openqa.selenium.remote.HttpCommandExecutor.execute(HttpCommandExecutor.java:125)
	at org.openqa.selenium.remote.service.DriverCommandExecutor.execute(DriverCommandExecutor.java:83)
	at org.openqa.selenium.remote.RemoteWebDriver.execute(RemoteWebDriver.java:552)
	at org.openqa.selenium.remote.RemoteWebDriver.perform(RemoteWebDriver.java:618)
	at org.openqa.selenium.interactions.Actions$BuiltAction.perform(Actions.java:639)
	at com.atmecs.helpers.WebUtility.scrollBySpacebar(WebUtility.java:329)
	at com.atmecs.testflow.HomePageComputerPeripheralsFlow.selectPricing(HomePageComputerPeripheralsFlow.java:15)
	at com.atmecs.testScripts.HomePageComputerPeripherals.validatePricingSortingFunctionality(HomePageComputerPeripherals.java:74)
... Removed 25 stack frames</div></td></tr></table><p class="totop"><a href="#summary">back to summary</a></p>
<h3 id="m15">com.atmecs.testScripts.HomePageComputerPeripherals#validatePricingSortingFunctionality</h3><table class="result"><tr class="param"><th>Parameter #1</th></tr><tr class="param stripe"><td>30</td></tr><tr><th>Exception</th></tr><tr><td><div class="stacktrace">org.openqa.selenium.NoSuchSessionException: Session ID is null. Using WebDriver after calling quit()?
Build info: version: &apos;3.141.59&apos;, revision: &apos;e82be7d358&apos;, time: &apos;2018-11-14T08:17:03&apos;
System info: host: &apos;ATMECSINLT-038&apos;, ip: &apos;55.55.52.193&apos;, os.name: &apos;Windows 10&apos;, os.arch: &apos;amd64&apos;, os.version: &apos;10.0&apos;, java.version: &apos;12.0.1&apos;
Driver info: driver.version: RemoteWebDriver
	at org.openqa.selenium.remote.HttpCommandExecutor.execute(HttpCommandExecutor.java:125)
	at org.openqa.selenium.remote.service.DriverCommandExecutor.execute(DriverCommandExecutor.java:83)
	at org.openqa.selenium.remote.RemoteWebDriver.execute(RemoteWebDriver.java:552)
	at org.openqa.selenium.remote.RemoteWebDriver.perform(RemoteWebDriver.java:618)
	at org.openqa.selenium.interactions.Actions$BuiltAction.perform(Actions.java:639)
	at com.atmecs.helpers.WebUtility.scrollBySpacebar(WebUtility.java:329)
	at com.atmecs.testflow.HomePageComputerPeripheralsFlow.selectPricing(HomePageComputerPeripheralsFlow.java:15)
	at com.atmecs.testScripts.HomePageComputerPeripherals.validatePricingSortingFunctionality(HomePageComputerPeripherals.java:74)
... Removed 25 stack frames</div></td></tr></table><p class="totop"><a href="#summary">back to summary</a></p>
<h3 id="m16">com.atmecs.testScripts.HomePageComputerPeripherals#validatePricingSortingFunctionality</h3><table class="result"><tr class="param"><th>Parameter #1</th></tr><tr class="param stripe"><td>150</td></tr><tr><th>Exception</th></tr><tr><td><div class="stacktrace">org.openqa.selenium.NoSuchSessionException: Session ID is null. Using WebDriver after calling quit()?
Build info: version: &apos;3.141.59&apos;, revision: &apos;e82be7d358&apos;, time: &apos;2018-11-14T08:17:03&apos;
System info: host: &apos;ATMECSINLT-038&apos;, ip: &apos;55.55.52.193&apos;, os.name: &apos;Windows 10&apos;, os.arch: &apos;amd64&apos;, os.version: &apos;10.0&apos;, java.version: &apos;12.0.1&apos;
Driver info: driver.version: RemoteWebDriver
	at org.openqa.selenium.remote.HttpCommandExecutor.execute(HttpCommandExecutor.java:125)
	at org.openqa.selenium.remote.service.DriverCommandExecutor.execute(DriverCommandExecutor.java:83)
	at org.openqa.selenium.remote.RemoteWebDriver.execute(RemoteWebDriver.java:552)
	at org.openqa.selenium.remote.RemoteWebDriver.perform(RemoteWebDriver.java:618)
	at org.openqa.selenium.interactions.Actions$BuiltAction.perform(Actions.java:639)
	at com.atmecs.helpers.WebUtility.scrollBySpacebar(WebUtility.java:329)
	at com.atmecs.testflow.HomePageComputerPeripheralsFlow.selectPricing(HomePageComputerPeripheralsFlow.java:15)
	at com.atmecs.testScripts.HomePageComputerPeripherals.validatePricingSortingFunctionality(HomePageComputerPeripherals.java:74)
... Removed 25 stack frames</div></td></tr></table><p class="totop"><a href="#summary">back to summary</a></p>
<h3 id="m17">com.atmecs.testScripts.HomePageComputerPeripherals#validateMessage</h3><table class="result"><tr class="param"><th>Parameter #1</th><th>Parameter #2</th><th>Parameter #3</th></tr><tr class="param stripe"><td>Computer Peripherals</td><td>graphics cards</td><td>No products were found for your search</td></tr></table><p class="totop"><a href="#summary">back to summary</a></p>
<h3 id="m18">com.atmecs.testScripts.HomePageComputerPeripherals#validateProductAvilability</h3><table class="result"><tr class="param"><th>Parameter #1</th><th>Parameter #2</th><th>Parameter #3</th></tr><tr class="param stripe"><td>Computer Peripherals</td><td>graphics cards</td><td>Matrox G200 MMS</td></tr></table><p class="totop"><a href="#summary">back to summary</a></p>
</body>
</html>
